[13-Mar-2020 23:05:33 Europe/Helsinki] PHP Warning:  fopen(output/export-13-03-2020 11:05:33.csv): failed to open stream: No such file or directory in /home/dev/www/foo.loc/helpers/FileManager.php on line 38
[13-Mar-2020 23:05:33 Europe/Helsinki] PHP Stack trace:
[13-Mar-2020 23:05:33 Europe/Helsinki] PHP   1. {main}() /home/dev/www/foo.loc/index.php:0
[13-Mar-2020 23:05:33 Europe/Helsinki] PHP   2. helpers\FileManager::exportCsv($data = *uninitialized*, $params = *uninitialized*) /home/dev/www/foo.loc/index.php:12
[13-Mar-2020 23:05:33 Europe/Helsinki] PHP   3. fopen(*uninitialized*, *uninitialized*) /home/dev/www/foo.loc/helpers/FileManager.php:38
[13-Mar-2020 23:05:33 Europe/Helsinki] PHP Warning:  fputcsv() expects parameter 1 to be resource, bool given in /home/dev/www/foo.loc/helpers/FileManager.php on line 40
[13-Mar-2020 23:05:33 Europe/Helsinki] PHP Stack trace:
[13-Mar-2020 23:05:33 Europe/Helsinki] PHP   1. {main}() /home/dev/www/foo.loc/index.php:0
[13-Mar-2020 23:05:33 Europe/Helsinki] PHP   2. helpers\FileManager::exportCsv($data = *uninitialized*, $params = *uninitialized*) /home/dev/www/foo.loc/index.php:12
[13-Mar-2020 23:05:33 Europe/Helsinki] PHP   3. fputcsv(*uninitialized*, *uninitialized*) /home/dev/www/foo.loc/helpers/FileManager.php:40
[13-Mar-2020 23:05:33 Europe/Helsinki] PHP Warning:  fputcsv() expects parameter 1 to be resource, bool given in /home/dev/www/foo.loc/helpers/FileManager.php on line 40
[13-Mar-2020 23:05:33 Europe/Helsinki] PHP Stack trace:
[13-Mar-2020 23:05:33 Europe/Helsinki] PHP   1. {main}() /home/dev/www/foo.loc/index.php:0
[13-Mar-2020 23:05:33 Europe/Helsinki] PHP   2. helpers\FileManager::exportCsv($data = *uninitialized*, $params = *uninitialized*) /home/dev/www/foo.loc/index.php:12
[13-Mar-2020 23:05:33 Europe/Helsinki] PHP   3. fputcsv(*uninitialized*, *uninitialized*) /home/dev/www/foo.loc/helpers/FileManager.php:40
[13-Mar-2020 23:05:33 Europe/Helsinki] PHP Warning:  fputcsv() expects parameter 1 to be resource, bool given in /home/dev/www/foo.loc/helpers/FileManager.php on line 40
[13-Mar-2020 23:05:33 Europe/Helsinki] PHP Stack trace:
[13-Mar-2020 23:05:33 Europe/Helsinki] PHP   1. {main}() /home/dev/www/foo.loc/index.php:0
[13-Mar-2020 23:05:33 Europe/Helsinki] PHP   2. helpers\FileManager::exportCsv($data = *uninitialized*, $params = *uninitialized*) /home/dev/www/foo.loc/index.php:12
[13-Mar-2020 23:05:33 Europe/Helsinki] PHP   3. fputcsv(*uninitialized*, *uninitialized*) /home/dev/www/foo.loc/helpers/FileManager.php:40
[13-Mar-2020 23:05:33 Europe/Helsinki] PHP Warning:  fputcsv() expects parameter 1 to be resource, bool given in /home/dev/www/foo.loc/helpers/FileManager.php on line 40
[13-Mar-2020 23:05:33 Europe/Helsinki] PHP Stack trace:
[13-Mar-2020 23:05:33 Europe/Helsinki] PHP   1. {main}() /home/dev/www/foo.loc/index.php:0
[13-Mar-2020 23:05:33 Europe/Helsinki] PHP   2. helpers\FileManager::exportCsv($data = *uninitialized*, $params = *uninitialized*) /home/dev/www/foo.loc/index.php:12
[13-Mar-2020 23:05:33 Europe/Helsinki] PHP   3. fputcsv(*uninitialized*, *uninitialized*) /home/dev/www/foo.loc/helpers/FileManager.php:40
[13-Mar-2020 23:05:33 Europe/Helsinki] PHP Warning:  fputcsv() expects parameter 1 to be resource, bool given in /home/dev/www/foo.loc/helpers/FileManager.php on line 40
[13-Mar-2020 23:05:33 Europe/Helsinki] PHP Stack trace:
[13-Mar-2020 23:05:33 Europe/Helsinki] PHP   1. {main}() /home/dev/www/foo.loc/index.php:0
[13-Mar-2020 23:05:33 Europe/Helsinki] PHP   2. helpers\FileManager::exportCsv($data = *uninitialized*, $params = *uninitialized*) /home/dev/www/foo.loc/index.php:12
[13-Mar-2020 23:05:33 Europe/Helsinki] PHP   3. fputcsv(*uninitialized*, *uninitialized*) /home/dev/www/foo.loc/helpers/FileManager.php:40
[13-Mar-2020 23:05:33 Europe/Helsinki] PHP Warning:  fputcsv() expects parameter 1 to be resource, bool given in /home/dev/www/foo.loc/helpers/FileManager.php on line 40
[13-Mar-2020 23:05:33 Europe/Helsinki] PHP Stack trace:
[13-Mar-2020 23:05:33 Europe/Helsinki] PHP   1. {main}() /home/dev/www/foo.loc/index.php:0
[13-Mar-2020 23:05:33 Europe/Helsinki] PHP   2. helpers\FileManager::exportCsv($data = *uninitialized*, $params = *uninitialized*) /home/dev/www/foo.loc/index.php:12
[13-Mar-2020 23:05:33 Europe/Helsinki] PHP   3. fputcsv(*uninitialized*, *uninitialized*) /home/dev/www/foo.loc/helpers/FileManager.php:40
[13-Mar-2020 23:05:33 Europe/Helsinki] PHP Warning:  fputcsv() expects parameter 1 to be resource, bool given in /home/dev/www/foo.loc/helpers/FileManager.php on line 40
[13-Mar-2020 23:05:33 Europe/Helsinki] PHP Stack trace:
[13-Mar-2020 23:05:33 Europe/Helsinki] PHP   1. {main}() /home/dev/www/foo.loc/index.php:0
[13-Mar-2020 23:05:33 Europe/Helsinki] PHP   2. helpers\FileManager::exportCsv($data = *uninitialized*, $params = *uninitialized*) /home/dev/www/foo.loc/index.php:12
[13-Mar-2020 23:05:33 Europe/Helsinki] PHP   3. fputcsv(*uninitialized*, *uninitialized*) /home/dev/www/foo.loc/helpers/FileManager.php:40
[13-Mar-2020 23:05:33 Europe/Helsinki] PHP Warning:  fputcsv() expects parameter 1 to be resource, bool given in /home/dev/www/foo.loc/helpers/FileManager.php on line 40
[13-Mar-2020 23:05:33 Europe/Helsinki] PHP Stack trace:
[13-Mar-2020 23:05:33 Europe/Helsinki] PHP   1. {main}() /home/dev/www/foo.loc/index.php:0
[13-Mar-2020 23:05:33 Europe/Helsinki] PHP   2. helpers\FileManager::exportCsv($data = *uninitialized*, $params = *uninitialized*) /home/dev/www/foo.loc/index.php:12
[13-Mar-2020 23:05:33 Europe/Helsinki] PHP   3. fputcsv(*uninitialized*, *uninitialized*) /home/dev/www/foo.loc/helpers/FileManager.php:40
[13-Mar-2020 23:05:33 Europe/Helsinki] PHP Warning:  fputcsv() expects parameter 1 to be resource, bool given in /home/dev/www/foo.loc/helpers/FileManager.php on line 40
[13-Mar-2020 23:05:33 Europe/Helsinki] PHP Stack trace:
[13-Mar-2020 23:05:33 Europe/Helsinki] PHP   1. {main}() /home/dev/www/foo.loc/index.php:0
[13-Mar-2020 23:05:33 Europe/Helsinki] PHP   2. helpers\FileManager::exportCsv($data = *uninitialized*, $params = *uninitialized*) /home/dev/www/foo.loc/index.php:12
[13-Mar-2020 23:05:33 Europe/Helsinki] PHP   3. fputcsv(*uninitialized*, *uninitialized*) /home/dev/www/foo.loc/helpers/FileManager.php:40
[13-Mar-2020 23:05:33 Europe/Helsinki] PHP Warning:  fputcsv() expects parameter 1 to be resource, bool given in /home/dev/www/foo.loc/helpers/FileManager.php on line 40
[13-Mar-2020 23:05:33 Europe/Helsinki] PHP Stack trace:
[13-Mar-2020 23:05:33 Europe/Helsinki] PHP   1. {main}() /home/dev/www/foo.loc/index.php:0
[13-Mar-2020 23:05:33 Europe/Helsinki] PHP   2. helpers\FileManager::exportCsv($data = *uninitialized*, $params = *uninitialized*) /home/dev/www/foo.loc/index.php:12
[13-Mar-2020 23:05:33 Europe/Helsinki] PHP   3. fputcsv(*uninitialized*, *uninitialized*) /home/dev/www/foo.loc/helpers/FileManager.php:40
[13-Mar-2020 23:05:33 Europe/Helsinki] PHP Warning:  fputcsv() expects parameter 1 to be resource, bool given in /home/dev/www/foo.loc/helpers/FileManager.php on line 40
[13-Mar-2020 23:05:33 Europe/Helsinki] PHP Stack trace:
[13-Mar-2020 23:05:33 Europe/Helsinki] PHP   1. {main}() /home/dev/www/foo.loc/index.php:0
[13-Mar-2020 23:05:33 Europe/Helsinki] PHP   2. helpers\FileManager::exportCsv($data = *uninitialized*, $params = *uninitialized*) /home/dev/www/foo.loc/index.php:12
[13-Mar-2020 23:05:33 Europe/Helsinki] PHP   3. fputcsv(*uninitialized*, *uninitialized*) /home/dev/www/foo.loc/helpers/FileManager.php:40
[13-Mar-2020 23:05:33 Europe/Helsinki] PHP Warning:  fclose() expects parameter 1 to be resource, bool given in /home/dev/www/foo.loc/helpers/FileManager.php on line 42
[13-Mar-2020 23:05:33 Europe/Helsinki] PHP Stack trace:
[13-Mar-2020 23:05:33 Europe/Helsinki] PHP   1. {main}() /home/dev/www/foo.loc/index.php:0
[13-Mar-2020 23:05:33 Europe/Helsinki] PHP   2. helpers\FileManager::exportCsv($data = *uninitialized*, $params = *uninitialized*) /home/dev/www/foo.loc/index.php:12
[13-Mar-2020 23:05:33 Europe/Helsinki] PHP   3. fclose(*uninitialized*) /home/dev/www/foo.loc/helpers/FileManager.php:42
